[01m[K/home/xslin/Documents/xslin/research/rpg_ws/src/rotors_simulator/rotors_gazebo/src/uav_control_center.cpp:[m[K In function â€˜[01m[Kint main(int, char**)[m[Kâ€™:
[01m[K/home/xslin/Documents/xslin/research/rpg_ws/src/rotors_simulator/rotors_gazebo/src/uav_control_center.cpp:154:3:[m[K [01;31m[Kerror: [m[Kâ€˜[01m[Kwait_time[m[Kâ€™ was not declared in this scope
   [01;31m[Kwait_time[m[K = std::stof(args.at(3));
   [01;31m[K^~~~~~~~~[m[K
[01m[K/home/xslin/Documents/xslin/research/rpg_ws/src/rotors_simulator/rotors_gazebo/src/uav_control_center.cpp:154:3:[m[K [01;36m[Knote: [m[Ksuggested alternative: â€˜[01m[Kadjtime[m[Kâ€™
   [01;36m[Kwait_time[m[K = std::stof(args.at(3));
   [01;36m[K^~~~~~~~~[m[K
   [32m[Kadjtime[m[K
make[2]: *** [CMakeFiles/uav_control_center.dir/src/uav_control_center.cpp.o] Error 1
make[1]: *** [CMakeFiles/uav_control_center.dir/all] Error 2
make: *** [all] Error 2
