In file included from [01m[K/home/xslin/Documents/xslin/research/rpg_ws/src/test/src/uav_control_center.cpp:21:0[m[K:
[01m[K/home/xslin/Documents/xslin/research/rpg_ws/src/test/include/uav_control_center.h:98:35:[m[K [01;31m[Kerror: [m[Kâ€˜[01m[Ktest[m[Kâ€™ does not name a type; did you mean â€˜[01m[Ktzset[m[Kâ€™?
   void cmd2UAV_sub_callback(const [01;31m[Ktest[m[K::floatlist::ConstPtr& msg);
                                   [01;31m[K^~~~[m[K
                                   [32m[Ktzset[m[K
[01m[K/home/xslin/Documents/xslin/research/rpg_ws/src/test/include/uav_control_center.h:98:50:[m[K [01;31m[Kerror: [m[Kexpected unqualified-id before â€˜[01m[K::[m[Kâ€™ token
   void cmd2UAV_sub_callback(const test::floatlist[01;31m[K::[m[KConstPtr& msg);
                                                  [01;31m[K^~[m[K
[01m[K/home/xslin/Documents/xslin/research/rpg_ws/src/test/include/uav_control_center.h:98:50:[m[K [01;31m[Kerror: [m[Kexpected â€˜[01m[K)[m[Kâ€™ before â€˜[01m[K::[m[Kâ€™ token
[01m[K/home/xslin/Documents/xslin/research/rpg_ws/src/test/include/uav_control_center.h:98:41:[m[K [01;31m[Kerror: [m[Kexpected â€˜[01m[K;[m[Kâ€™ at end of member declaration
   void cmd2UAV_sub_callback(const test::[01;31m[Kfloatlist[m[K::ConstPtr& msg);
                                         [01;31m[K^~~~~~~~~[m[K
[01m[K/home/xslin/Documents/xslin/research/rpg_ws/src/test/include/uav_control_center.h:98:52:[m[K [01;31m[Kerror: [m[Kâ€˜[01m[KConstPtr[m[Kâ€™ in namespace â€˜[01m[K::[m[Kâ€™ does not name a type
   void cmd2UAV_sub_callback(const test::floatlist::[01;31m[KConstPtr[m[K& msg);
                                                    [01;31m[K^~~~~~~~[m[K
[01m[K/home/xslin/Documents/xslin/research/rpg_ws/src/test/src/uav_control_center.cpp:[m[K In constructor â€˜[01m[Krotors_gazebo::UAV_CONTROL_CENTER::UAV_CONTROL_CENTER(const ros::NodeHandle&, const ros::NodeHandle&)[m[Kâ€™:
[01m[K/home/xslin/Documents/xslin/research/rpg_ws/src/test/src/uav_control_center.cpp:51:67:[m[K [01;31m[Kerror: [m[Kno matching function for call to â€˜[01m[Kros::NodeHandle::subscribe(const char [8], int, void (rotors_gazebo::UAV_CONTROL_CENTER::*)(...), rotors_gazebo::UAV_CONTROL_CENTER*)[m[Kâ€™
                     &UAV_CONTROL_CENTER::cmd2UAV_sub_callback,this[01;31m[K)[m[K;
                                                                   [01;31m[K^[m[K
In file included from [01m[K/opt/ros/melodic/include/ros/ros.h:45:0[m[K,
                 from [01m[K/home/xslin/Documents/xslin/research/rpg_ws/src/test/include/uav_control_center.h:6[m[K,
                 from [01m[K/home/xslin/Documents/xslin/research/rpg_ws/src/test/src/uav_control_center.cpp:21[m[K:
[01m[K/opt/ros/melodic/include/ros/node_handle.h:402:14:[m[K [01;36m[Knote: [m[Kcandidate: template<class M, class T> ros::Subscriber ros::NodeHandle::subscribe(const string&, uint32_t, void (T::*)(M), T*, const ros::TransportHints&)
   Subscriber [01;36m[Ksubscribe[m[K(const std::string& topic, uint32_t queue_size, void(T::*fp)(M), T* obj,
              [01;36m[K^~~~~~~~~[m[K
[01m[K/opt/ros/melodic/include/ros/node_handle.h:402:14:[m[K [01;36m[Knote: [m[K  template argument deduction/substitution failed:
[01m[K/home/xslin/Documents/xslin/research/rpg_ws/src/test/src/uav_control_center.cpp:51:67:[m[K [01;36m[Knote: [m[K  candidate expects 2 arguments, 1 provided
                     &UAV_CONTROL_CENTER::cmd2UAV_sub_callback,this[01;36m[K)[m[K;
                                                                   [01;36m[K^[m[K
In file included from [01m[K/opt/ros/melodic/include/ros/ros.h:45:0[m[K,
                 from [01m[K/home/xslin/Documents/xslin/research/rpg_ws/src/test/include/uav_control_center.h:6[m[K,
                 from [01m[K/home/xslin/Documents/xslin/research/rpg_ws/src/test/src/uav_control_center.cpp:21[m[K:
[01m[K/opt/ros/melodic/include/ros/node_handle.h:413:14:[m[K [01;36m[Knote: [m[Kcandidate: template<class M, class T> ros::Subscriber ros::NodeHandle::subscribe(const string&, uint32_t, void (T::*)(M) const, T*, const ros::TransportHints&)
   Subscriber [01;36m[Ksubscribe[m[K(const std::string& topic, uint32_t queue_size, void(T::*fp)(M) const, T* obj,
              [01;36m[K^~~~~~~~~[m[K
[01m[K/opt/ros/melodic/include/ros/node_handle.h:413:14:[m[K [01;36m[Knote: [m[K  template argument deduction/substitution failed:
[01m[K/home/xslin/Documents/xslin/research/rpg_ws/src/test/src/uav_control_center.cpp:51:67:[m[K [01;36m[Knote: [m[K  types â€˜[01m[Kvoid (T::)(M) const[m[Kâ€™ and â€˜[01m[Kvoid (rotors_gazebo::UAV_CONTROL_CENTER::)(...)[m[Kâ€™ have incompatible cv-qualifiers
                     &UAV_CONTROL_CENTER::cmd2UAV_sub_callback,this[01;36m[K)[m[K;
                                                                   [01;36m[K^[m[K
In file included from [01m[K/opt/ros/melodic/include/ros/ros.h:45:0[m[K,
                 from [01m[K/home/xslin/Documents/xslin/research/rpg_ws/src/test/include/uav_control_center.h:6[m[K,
                 from [01m[K/home/xslin/Documents/xslin/research/rpg_ws/src/test/src/uav_control_center.cpp:21[m[K:
[01m[K/opt/ros/melodic/include/ros/node_handle.h:465:14:[m[K [01;36m[Knote: [m[Kcandidate: template<class M, class T> ros::Subscriber ros::NodeHandle::subscribe(const string&, uint32_t, void (T::*)(const boost::shared_ptr<const M>&), T*, const ros::TransportHints&)
   Subscriber [01;36m[Ksubscribe[m[K(const std::string& topic, uint32_t queue_size,
              [01;36m[K^~~~~~~~~[m[K
[01m[K/opt/ros/melodic/include/ros/node_handle.h:465:14:[m[K [01;36m[Knote: [m[K  template argument deduction/substitution failed:
[01m[K/home/xslin/Documents/xslin/research/rpg_ws/src/test/src/uav_control_center.cpp:51:67:[m[K [01;36m[Knote: [m[K  candidate expects 2 arguments, 1 provided
                     &UAV_CONTROL_CENTER::cmd2UAV_sub_callback,this[01;36m[K)[m[K;
                                                                   [01;36m[K^[m[K
In file included from [01m[K/opt/ros/melodic/include/ros/ros.h:45:0[m[K,
                 from [01m[K/home/xslin/Documents/xslin/research/rpg_ws/src/test/include/uav_control_center.h:6[m[K,
                 from [01m[K/home/xslin/Documents/xslin/research/rpg_ws/src/test/src/uav_control_center.cpp:21[m[K:
[01m[K/opt/ros/melodic/include/ros/node_handle.h:475:14:[m[K [01;36m[Knote: [m[Kcandidate: template<class M, class T> ros::Subscriber ros::NodeHandle::subscribe(const string&, uint32_t, void (T::*)(const boost::shared_ptr<const M>&) const, T*, const ros::TransportHints&)
   Subscriber [01;36m[Ksubscribe[m[K(const std::string& topic, uint32_t queue_size,
              [01;36m[K^~~~~~~~~[m[K
[01m[K/opt/ros/melodic/include/ros/node_handle.h:475:14:[m[K [01;36m[Knote: [m[K  template argument deduction/substitution failed:
[01m[K/home/xslin/Documents/xslin/research/rpg_ws/src/test/src/uav_control_center.cpp:51:67:[m[K [01;36m[Knote: [m[K  types â€˜[01m[Kvoid (T::)(const boost::shared_ptr<const M>&) const[m[Kâ€™ and â€˜[01m[Kvoid (rotors_gazebo::UAV_CONTROL_CENTER::)(...)[m[Kâ€™ have incompatible cv-qualifiers
                     &UAV_CONTROL_CENTER::cmd2UAV_sub_callback,this[01;36m[K)[m[K;
                                                                   [01;36m[K^[m[K
In file included from [01m[K/opt/ros/melodic/include/ros/ros.h:45:0[m[K,
                 from [01m[K/home/xslin/Documents/xslin/research/rpg_ws/src/test/include/uav_control_center.h:6[m[K,
                 from [01m[K/home/xslin/Documents/xslin/research/rpg_ws/src/test/src/uav_control_center.cpp:21[m[K:
[01m[K/opt/ros/melodic/include/ros/node_handle.h:529:14:[m[K [01;36m[Knote: [m[Kcandidate: template<class M, class T> ros::Subscriber ros::NodeHandle::subscribe(const string&, uint32_t, void (T::*)(M), const boost::shared_ptr<U>&, const ros::TransportHints&)
   Subscriber [01;36m[Ksubscribe[m[K(const std::string& topic, uint32_t queue_size, void(T::*fp)(M),
              [01;36m[K^~~~~~~~~[m[K
[01m[K/opt/ros/melodic/include/ros/node_handle.h:529:14:[m[K [01;36m[Knote: [m[K  template argument deduction/substitution failed:
[01m[K/home/xslin/Documents/xslin/research/rpg_ws/src/test/src/uav_control_center.cpp:51:67:[m[K [01;36m[Knote: [m[K  candidate expects 2 arguments, 1 provided
                     &UAV_CONTROL_CENTER::cmd2UAV_sub_callback,this[01;36m[K)[m[K;
                                                                   [01;36m[K^[m[K
In file included from [01m[K/opt/ros/melodic/include/ros/ros.h:45:0[m[K,
                 from [01m[K/home/xslin/Documents/xslin/research/rpg_ws/src/test/include/uav_control_center.h:6[m[K,
                 from [01m[K/home/xslin/Documents/xslin/research/rpg_ws/src/test/src/uav_control_center.cpp:21[m[K:
[01m[K/opt/ros/melodic/include/ros/node_handle.h:540:14:[m[K [01;36m[Knote: [m[Kcandidate: template<class M, class T> ros::Subscriber ros::NodeHandle::subscribe(const string&, uint32_t, void (T::*)(M) const, const boost::shared_ptr<U>&, const ros::TransportHints&)
   Subscriber [01;36m[Ksubscribe[m[K(const std::string& topic, uint32_t queue_size, void(T::*fp)(M) const,
              [01;36m[K^~~~~~~~~[m[K
[01m[K/opt/ros/melodic/include/ros/node_handle.h:540:14:[m[K [01;36m[Knote: [m[K  template argument deduction/substitution failed:
[01m[K/home/xslin/Documents/xslin/research/rpg_ws/src/test/src/uav_control_center.cpp:51:67:[m[K [01;36m[Knote: [m[K  types â€˜[01m[Kvoid (T::)(M) const[m[Kâ€™ and â€˜[01m[Kvoid (rotors_gazebo::UAV_CONTROL_CENTER::)(...)[m[Kâ€™ have incompatible cv-qualifiers
                     &UAV_CONTROL_CENTER::cmd2UAV_sub_callback,this[01;36m[K)[m[K;
                                                                   [01;36m[K^[m[K
In file included from [01m[K/opt/ros/melodic/include/ros/ros.h:45:0[m[K,
                 from [01m[K/home/xslin/Documents/xslin/research/rpg_ws/src/test/include/uav_control_center.h:6[m[K,
                 from [01m[K/home/xslin/Documents/xslin/research/rpg_ws/src/test/src/uav_control_center.cpp:21[m[K:
[01m[K/opt/ros/melodic/include/ros/node_handle.h:594:14:[m[K [01;36m[Knote: [m[Kcandidate: template<class M, class T> ros::Subscriber ros::NodeHandle::subscribe(const string&, uint32_t, void (T::*)(const boost::shared_ptr<const M>&), const boost::shared_ptr<U>&, const ros::TransportHints&)
   Subscriber [01;36m[Ksubscribe[m[K(const std::string& topic, uint32_t queue_size,
              [01;36m[K^~~~~~~~~[m[K
[01m[K/opt/ros/melodic/include/ros/node_handle.h:594:14:[m[K [01;36m[Knote: [m[K  template argument deduction/substitution failed:
[01m[K/home/xslin/Documents/xslin/research/rpg_ws/src/test/src/uav_control_center.cpp:51:67:[m[K [01;36m[Knote: [m[K  candidate expects 2 arguments, 1 provided
                     &UAV_CONTROL_CENTER::cmd2UAV_sub_callback,this[01;36m[K)[m[K;
                                                                   [01;36m[K^[m[K
In file included from [01m[K/opt/ros/melodic/include/ros/ros.h:45:0[m[K,
                 from [01m[K/home/xslin/Documents/xslin/research/rpg_ws/src/test/include/uav_control_center.h:6[m[K,
                 from [01m[K/home/xslin/Documents/xslin/research/rpg_ws/src/test/src/uav_control_center.cpp:21[m[K:
[01m[K/opt/ros/melodic/include/ros/node_handle.h:605:14:[m[K [01;36m[Knote: [m[Kcandidate: template<class M, class T> ros::Subscriber ros::NodeHandle::subscribe(const string&, uint32_t, void (T::*)(const boost::shared_ptr<const M>&) const, const boost::shared_ptr<U>&, const ros::TransportHints&)
   Subscriber [01;36m[Ksubscribe[m[K(const std::string& topic, uint32_t queue_size,
              [01;36m[K^~~~~~~~~[m[K
[01m[K/opt/ros/melodic/include/ros/node_handle.h:605:14:[m[K [01;36m[Knote: [m[K  template argument deduction/substitution failed:
[01m[K/home/xslin/Documents/xslin/research/rpg_ws/src/test/src/uav_control_center.cpp:51:67:[m[K [01;36m[Knote: [m[K  types â€˜[01m[Kvoid (T::)(const boost::shared_ptr<const M>&) const[m[Kâ€™ and â€˜[01m[Kvoid (rotors_gazebo::UAV_CONTROL_CENTER::)(...)[m[Kâ€™ have incompatible cv-qualifiers
                     &UAV_CONTROL_CENTER::cmd2UAV_sub_callback,this[01;36m[K)[m[K;
                                                                   [01;36m[K^[m[K
In file included from [01m[K/opt/ros/melodic/include/ros/ros.h:45:0[m[K,
                 from [01m[K/home/xslin/Documents/xslin/research/rpg_ws/src/test/include/uav_control_center.h:6[m[K,
                 from [01m[K/home/xslin/Documents/xslin/research/rpg_ws/src/test/src/uav_control_center.cpp:21[m[K:
[01m[K/opt/ros/melodic/include/ros/node_handle.h:656:14:[m[K [01;36m[Knote: [m[Kcandidate: template<class M> ros::Subscriber ros::NodeHandle::subscribe(const string&, uint32_t, void (*)(M), const ros::TransportHints&)
   Subscriber [01;36m[Ksubscribe[m[K(const std::string& topic, uint32_t queue_size, void(*fp)(M), const TransportHints& transport_hints = TransportHints())
              [01;36m[K^~~~~~~~~[m[K
[01m[K/opt/ros/melodic/include/ros/node_handle.h:656:14:[m[K [01;36m[Knote: [m[K  template argument deduction/substitution failed:
[01m[K/home/xslin/Documents/xslin/research/rpg_ws/src/test/src/uav_control_center.cpp:51:67:[m[K [01;36m[Knote: [m[K  mismatched types â€˜[01m[Kvoid (*)(M)[m[Kâ€™ and â€˜[01m[Kvoid (rotors_gazebo::UAV_CONTROL_CENTER::*)(...)[m[Kâ€™
                     &UAV_CONTROL_CENTER::cmd2UAV_sub_callback,this[01;36m[K)[m[K;
                                                                   [01;36m[K^[m[K
In file included from [01m[K/opt/ros/melodic/include/ros/ros.h:45:0[m[K,
                 from [01m[K/home/xslin/Documents/xslin/research/rpg_ws/src/test/include/uav_control_center.h:6[m[K,
                 from [01m[K/home/xslin/Documents/xslin/research/rpg_ws/src/test/src/uav_control_center.cpp:21[m[K:
[01m[K/opt/ros/melodic/include/ros/node_handle.h:704:14:[m[K [01;36m[Knote: [m[Kcandidate: template<class M> ros::Subscriber ros::NodeHandle::subscribe(const string&, uint32_t, void (*)(const boost::shared_ptr<const M>&), const ros::TransportHints&)
   Subscriber [01;36m[Ksubscribe[m[K(const std::string& topic, uint32_t queue_size, void(*fp)(const boost::shared_ptr<M const>&), const TransportHints& transport_hints = TransportHints())
              [01;36m[K^~~~~~~~~[m[K
[01m[K/opt/ros/melodic/include/ros/node_handle.h:704:14:[m[K [01;36m[Knote: [m[K  template argument deduction/substitution failed:
[01m[K/home/xslin/Documents/xslin/research/rpg_ws/src/test/src/uav_control_center.cpp:51:67:[m[K [01;36m[Knote: [m[K  mismatched types â€˜[01m[Kvoid (*)(const boost::shared_ptr<const M>&)[m[Kâ€™ and â€˜[01m[Kvoid (rotors_gazebo::UAV_CONTROL_CENTER::*)(...)[m[Kâ€™
                     &UAV_CONTROL_CENTER::cmd2UAV_sub_callback,this[01;36m[K)[m[K;
                                                                   [01;36m[K^[m[K
In file included from [01m[K/opt/ros/melodic/include/ros/ros.h:45:0[m[K,
                 from [01m[K/home/xslin/Documents/xslin/research/rpg_ws/src/test/include/uav_control_center.h:6[m[K,
                 from [01m[K/home/xslin/Documents/xslin/research/rpg_ws/src/test/src/uav_control_center.cpp:21[m[K:
[01m[K/opt/ros/melodic/include/ros/node_handle.h:750:14:[m[K [01;36m[Knote: [m[Kcandidate: template<class M> ros::Subscriber ros::NodeHandle::subscribe(const string&, uint32_t, const boost::function<void(const boost::shared_ptr<const M>&)>&, const VoidConstPtr&, const ros::TransportHints&)
   Subscriber [01;36m[Ksubscribe[m[K(const std::string& topic, uint32_t queue_size, const boost::function<void (const boost::shared_ptr<M const>&)>& callback,
              [01;36m[K^~~~~~~~~[m[K
[01m[K/opt/ros/melodic/include/ros/node_handle.h:750:14:[m[K [01;36m[Knote: [m[K  template argument deduction/substitution failed:
[01m[K/home/xslin/Documents/xslin/research/rpg_ws/src/test/src/uav_control_center.cpp:51:67:[m[K [01;36m[Knote: [m[K  mismatched types â€˜[01m[Kconst boost::function<void(const boost::shared_ptr<const M>&)>[m[Kâ€™ and â€˜[01m[Kvoid (rotors_gazebo::UAV_CONTROL_CENTER::*)(...)[m[Kâ€™
                     &UAV_CONTROL_CENTER::cmd2UAV_sub_callback,this[01;36m[K)[m[K;
                                                                   [01;36m[K^[m[K
In file included from [01m[K/opt/ros/melodic/include/ros/ros.h:45:0[m[K,
                 from [01m[K/home/xslin/Documents/xslin/research/rpg_ws/src/test/include/uav_control_center.h:6[m[K,
                 from [01m[K/home/xslin/Documents/xslin/research/rpg_ws/src/test/src/uav_control_center.cpp:21[m[K:
[01m[K/opt/ros/melodic/include/ros/node_handle.h:799:14:[m[K [01;36m[Knote: [m[Kcandidate: template<class M, class C> ros::Subscriber ros::NodeHandle::subscribe(const string&, uint32_t, const boost::function<void(C)>&, const VoidConstPtr&, const ros::TransportHints&)
   Subscriber [01;36m[Ksubscribe[m[K(const std::string& topic, uint32_t queue_size, const boost::function<void (C)>& callback,
              [01;36m[K^~~~~~~~~[m[K
[01m[K/opt/ros/melodic/include/ros/node_handle.h:799:14:[m[K [01;36m[Knote: [m[K  template argument deduction/substitution failed:
[01m[K/home/xslin/Documents/xslin/research/rpg_ws/src/test/src/uav_control_center.cpp:51:67:[m[K [01;36m[Knote: [m[K  mismatched types â€˜[01m[Kconst boost::function<void(C)>[m[Kâ€™ and â€˜[01m[Kvoid (rotors_gazebo::UAV_CONTROL_CENTER::*)(...)[m[Kâ€™
                     &UAV_CONTROL_CENTER::cmd2UAV_sub_callback,this[01;36m[K)[m[K;
                                                                   [01;36m[K^[m[K
In file included from [01m[K/opt/ros/melodic/include/ros/ros.h:45:0[m[K,
                 from [01m[K/home/xslin/Documents/xslin/research/rpg_ws/src/test/include/uav_control_center.h:6[m[K,
                 from [01m[K/home/xslin/Documents/xslin/research/rpg_ws/src/test/src/uav_control_center.cpp:21[m[K:
[01m[K/opt/ros/melodic/include/ros/node_handle.h:836:14:[m[K [01;36m[Knote: [m[Kcandidate: ros::Subscriber ros::NodeHandle::subscribe(ros::SubscribeOptions&)
   Subscriber [01;36m[Ksubscribe[m[K(SubscribeOptions& ops);
              [01;36m[K^~~~~~~~~[m[K
[01m[K/opt/ros/melodic/include/ros/node_handle.h:836:14:[m[K [01;36m[Knote: [m[K  candidate expects 1 argument, 4 provided
[01m[K/home/xslin/Documents/xslin/research/rpg_ws/src/test/src/uav_control_center.cpp:[m[K At global scope:
[01m[K/home/xslin/Documents/xslin/research/rpg_ws/src/test/src/uav_control_center.cpp:219:53:[m[K [01;31m[Kerror: [m[Kâ€˜[01m[Ktest[m[Kâ€™ does not name a type; did you mean â€˜[01m[Ktzset[m[Kâ€™?
 void UAV_CONTROL_CENTER::cmd2UAV_sub_callback(const [01;31m[Ktest[m[K::floatlist::ConstPtr& msg){
                                                     [01;31m[K^~~~[m[K
                                                     [32m[Ktzset[m[K
[01m[K/home/xslin/Documents/xslin/research/rpg_ws/src/test/src/uav_control_center.cpp:219:68:[m[K [01;31m[Kerror: [m[Kexpected unqualified-id before â€˜[01m[K::[m[Kâ€™ token
 void UAV_CONTROL_CENTER::cmd2UAV_sub_callback(const test::floatlist[01;31m[K::[m[KConstPtr& msg){
                                                                    [01;31m[K^~[m[K
[01m[K/home/xslin/Documents/xslin/research/rpg_ws/src/test/src/uav_control_center.cpp:219:68:[m[K [01;31m[Kerror: [m[Kexpected â€˜[01m[K)[m[Kâ€™ before â€˜[01m[K::[m[Kâ€™ token
[01m[K/home/xslin/Documents/xslin/research/rpg_ws/src/test/src/uav_control_center.cpp:219:68:[m[K [01;31m[Kerror: [m[Kexpected initializer before â€˜[01m[K::[m[Kâ€™ token
make[2]: *** [CMakeFiles/uav_control_center.dir/src/uav_control_center.cpp.o] Error 1
make[1]: *** [CMakeFiles/uav_control_center.dir/all] Error 2
make: *** [all] Error 2
