[01m[K/home/xslin/Documents/xslin/research/rpg_ws/src/test/src/uav_control_center.cpp:[m[K In constructor â€˜[01m[Krotors_gazebo::UAV_CONTROL_CENTER::UAV_CONTROL_CENTER(const ros::NodeHandle&, const ros::NodeHandle&)[m[Kâ€™:
[01m[K/home/xslin/Documents/xslin/research/rpg_ws/src/test/src/uav_control_center.cpp:35:5:[m[K [01;31m[Kerror: [m[Kâ€˜[01m[Kbridge_pub[m[Kâ€™ was not declared in this scope
     [01;31m[Kbridge_pub[m[K =
     [01;31m[K^~~~~~~~~~[m[K
[01m[K/home/xslin/Documents/xslin/research/rpg_ws/src/test/src/uav_control_center.cpp:35:5:[m[K [01;36m[Knote: [m[Ksuggested alternative: â€˜[01m[Kbridge_msg[m[Kâ€™
     [01;36m[Kbridge_pub[m[K =
     [01;36m[K^~~~~~~~~~[m[K
     [32m[Kbridge_msg[m[K
[01m[K/home/xslin/Documents/xslin/research/rpg_ws/src/test/src/uav_control_center.cpp:38:5:[m[K [01;31m[Kerror: [m[Kâ€˜[01m[Khover_pub[m[Kâ€™ was not declared in this scope
     [01;31m[Khover_pub[m[K =
     [01;31m[K^~~~~~~~~[m[K
[01m[K/home/xslin/Documents/xslin/research/rpg_ws/src/test/src/uav_control_center.cpp:38:5:[m[K [01;36m[Knote: [m[Ksuggested alternative: â€˜[01m[Khover_msg[m[Kâ€™
     [01;36m[Khover_pub[m[K =
     [01;36m[K^~~~~~~~~[m[K
     [32m[Khover_msg[m[K
[01m[K/home/xslin/Documents/xslin/research/rpg_ws/src/test/src/uav_control_center.cpp:[m[K At global scope:
[01m[K/home/xslin/Documents/xslin/research/rpg_ws/src/test/src/uav_control_center.cpp:200:43:[m[K [01;31m[Kerror: [m[Kno â€˜[01m[Kvoid rotors_gazebo::UAV_CONTROL_CENTER::bridge_publisher()[m[Kâ€™ member function declared in class â€˜[01m[Krotors_gazebo::UAV_CONTROL_CENTER[m[Kâ€™
 void UAV_CONTROL_CENTER::bridge_publisher([01;31m[K)[m[K{
                                           [01;31m[K^[m[K
[01m[K/home/xslin/Documents/xslin/research/rpg_ws/src/test/src/uav_control_center.cpp:206:42:[m[K [01;31m[Kerror: [m[Kno â€˜[01m[Kvoid rotors_gazebo::UAV_CONTROL_CENTER::hover_publisher()[m[Kâ€™ member function declared in class â€˜[01m[Krotors_gazebo::UAV_CONTROL_CENTER[m[Kâ€™
 void UAV_CONTROL_CENTER::hover_publisher([01;31m[K)[m[K{
                                          [01;31m[K^[m[K
[01m[K/home/xslin/Documents/xslin/research/rpg_ws/src/test/src/uav_control_center.cpp:[m[K In function â€˜[01m[Kint main(int, char**)[m[Kâ€™:
[01m[K/home/xslin/Documents/xslin/research/rpg_ws/src/test/src/uav_control_center.cpp:243:59:[m[K [01;31m[Kerror: [m[Kâ€˜[01m[Kclass rotors_gazebo::UAV_CONTROL_CENTER[m[Kâ€™ has no member named â€˜[01m[Kave_vel[m[Kâ€™; did you mean â€˜[01m[Kmax_vel[m[Kâ€™?
   nh.getParam("/UAV/average_velocity", uav_control_center.[01;31m[Kave_vel[m[K);
                                                           [01;31m[K^~~~~~~[m[K
                                                           [32m[Kmax_vel[m[K
[01m[K/home/xslin/Documents/xslin/research/rpg_ws/src/test/src/uav_control_center.cpp:282:10:[m[K [01;31m[Kerror: [m[Kâ€˜[01m[Kbridge_pub[m[Kâ€™ was not declared in this scope
   while ([01;31m[Kbridge_pub[m[K.getNumSubscribers() == 0 && ros::ok()) {
          [01;31m[K^~~~~~~~~~[m[K
[01m[K/home/xslin/Documents/xslin/research/rpg_ws/src/test/src/uav_control_center.cpp:286:22:[m[K [01;31m[Kerror: [m[Kâ€˜[01m[Kclass rotors_gazebo::UAV_CONTROL_CENTER[m[Kâ€™ has no member named â€˜[01m[Kbridge_publisher[m[Kâ€™; did you mean â€˜[01m[Kbridge_msg[m[Kâ€™?
   uav_control_center.[01;31m[Kbridge_publisher[m[K();
                      [01;31m[K^~~~~~~~~~~~~~~~[m[K
                      [32m[Kbridge_msg[m[K
[01m[K/home/xslin/Documents/xslin/research/rpg_ws/src/test/src/uav_control_center.cpp:311:28:[m[K [01;31m[Kerror: [m[Kâ€˜[01m[Kclass rotors_gazebo::UAV_CONTROL_CENTER[m[Kâ€™ has no member named â€˜[01m[Khover_publisher[m[Kâ€™
         uav_control_center.[01;31m[Khover_publisher[m[K();
                            [01;31m[K^~~~~~~~~~~~~~~[m[K
make[2]: *** [CMakeFiles/uav_control_center.dir/src/uav_control_center.cpp.o] Error 1
make[1]: *** [CMakeFiles/uav_control_center.dir/all] Error 2
make: *** [all] Error 2
