In file included from [01m[K/home/xslin/Documents/xslin/research/rpg_ws/src/test/src/uav_control_center.cpp:21:0[m[K:
[01m[K/home/xslin/Documents/xslin/research/rpg_ws/src/test/include/uav_control_center.h:61:65:[m[K [01;31m[Kerror: [m[Kexpected â€˜[01m[K;[m[Kâ€™ at end of member declaration
   double a_x, b_x, c_x, d_x, a_y, b_y, c_y, d_y, a_z, b_z, c_z, [01;31m[Kd_z[m[K
                                                                 [01;31m[K^~~[m[K
[01m[K/home/xslin/Documents/xslin/research/rpg_ws/src/test/src/uav_control_center.cpp:[m[K In member function â€˜[01m[Kvoid rotors_gazebo::UAV_CONTROL_CENTER::uav_trajectory_publisher(std::vector<waypointstruct>&, double, double)[m[Kâ€™:
[01m[K/home/xslin/Documents/xslin/research/rpg_ws/src/test/src/uav_control_center.cpp:97:13:[m[K [01;31m[Kerror: [m[Kâ€˜[01m[Kx_next[m[Kâ€™ was not declared in this scope
             [01;31m[Kx_next[m[K = wp_next.x + disp_x;
             [01;31m[K^~~~~~[m[K
[01m[K/home/xslin/Documents/xslin/research/rpg_ws/src/test/src/uav_control_center.cpp:97:13:[m[K [01;36m[Knote: [m[Ksuggested alternative: â€˜[01m[K__nextup[m[Kâ€™
             [01;36m[Kx_next[m[K = wp_next.x + disp_x;
             [01;36m[K^~~~~~[m[K
             [32m[K__nextup[m[K
[01m[K/home/xslin/Documents/xslin/research/rpg_ws/src/test/src/uav_control_center.cpp:97:22:[m[K [01;31m[Kerror: [m[Kâ€˜[01m[Kwp_next[m[Kâ€™ was not declared in this scope
             x_next = [01;31m[Kwp_next[m[K.x + disp_x;
                      [01;31m[K^~~~~~~[m[K
[01m[K/home/xslin/Documents/xslin/research/rpg_ws/src/test/src/uav_control_center.cpp:97:22:[m[K [01;36m[Knote: [m[Ksuggested alternative: â€˜[01m[K__nextup[m[Kâ€™
             x_next = [01;36m[Kwp_next[m[K.x + disp_x;
                      [01;36m[K^~~~~~~[m[K
                      [32m[K__nextup[m[K
[01m[K/home/xslin/Documents/xslin/research/rpg_ws/src/test/src/uav_control_center.cpp:98:13:[m[K [01;31m[Kerror: [m[Kâ€˜[01m[Ky_next[m[Kâ€™ was not declared in this scope
             [01;31m[Ky_next[m[K = wp_next.y + disp_y;
             [01;31m[K^~~~~~[m[K
[01m[K/home/xslin/Documents/xslin/research/rpg_ws/src/test/src/uav_control_center.cpp:98:13:[m[K [01;36m[Knote: [m[Ksuggested alternative: â€˜[01m[K__nextup[m[Kâ€™
             [01;36m[Ky_next[m[K = wp_next.y + disp_y;
             [01;36m[K^~~~~~[m[K
             [32m[K__nextup[m[K
[01m[K/home/xslin/Documents/xslin/research/rpg_ws/src/test/src/uav_control_center.cpp:99:13:[m[K [01;31m[Kerror: [m[Kâ€˜[01m[Kz_next[m[Kâ€™ was not declared in this scope
             [01;31m[Kz_next[m[K = wp_next.z;
             [01;31m[K^~~~~~[m[K
[01m[K/home/xslin/Documents/xslin/research/rpg_ws/src/test/src/uav_control_center.cpp:99:13:[m[K [01;36m[Knote: [m[Ksuggested alternative: â€˜[01m[K__nextup[m[Kâ€™
             [01;36m[Kz_next[m[K = wp_next.z;
             [01;36m[K^~~~~~[m[K
             [32m[K__nextup[m[K
[01m[K/home/xslin/Documents/xslin/research/rpg_ws/src/test/src/uav_control_center.cpp:100:13:[m[K [01;31m[Kerror: [m[Kâ€˜[01m[Kyaw_next[m[Kâ€™ was not declared in this scope
             [01;31m[Kyaw_next[m[K = wp_next.yaw;
             [01;31m[K^~~~~~~~[m[K
[01m[K/home/xslin/Documents/xslin/research/rpg_ws/src/test/src/uav_control_center.cpp:108:13:[m[K [01;31m[Kerror: [m[Kâ€˜[01m[Kdist2next[m[Kâ€™ was not declared in this scope
             [01;31m[Kdist2next[m[K = sqrt(pow(x - x_next , 2) + pow(y - y_next , 2) + pow(z - z_next , 2));
             [01;31m[K^~~~~~~~~[m[K
[01m[K/home/xslin/Documents/xslin/research/rpg_ws/src/test/src/uav_control_center.cpp:108:13:[m[K [01;36m[Knote: [m[Ksuggested alternative: â€˜[01m[Kdgettext[m[Kâ€™
             [01;36m[Kdist2next[m[K = sqrt(pow(x - x_next , 2) + pow(y - y_next , 2) + pow(z - z_next , 2));
             [01;36m[K^~~~~~~~~[m[K
             [32m[Kdgettext[m[K
[01m[K/home/xslin/Documents/xslin/research/rpg_ws/src/test/src/uav_control_center.cpp:109:13:[m[K [01;31m[Kerror: [m[Kâ€˜[01m[Kt2next[m[Kâ€™ was not declared in this scope
             [01;31m[Kt2next[m[K = dist2next/max_vel;
             [01;31m[K^~~~~~[m[K
[01m[K/home/xslin/Documents/xslin/research/rpg_ws/src/test/src/uav_control_center.cpp:109:13:[m[K [01;36m[Knote: [m[Ksuggested alternative: â€˜[01m[Ktzset[m[Kâ€™
             [01;36m[Kt2next[m[K = dist2next/max_vel;
             [01;36m[K^~~~~~[m[K
             [32m[Ktzset[m[K
make[2]: *** [CMakeFiles/uav_control_center.dir/src/uav_control_center.cpp.o] Error 1
make[1]: *** [CMakeFiles/uav_control_center.dir/all] Error 2
make: *** [all] Error 2
