[01m[K/home/xslin/Documents/xslin/research/rpg_ws/src/test/src/uav_control_center.cpp:[m[K In member function â€˜[01m[Kvoid rotors_gazebo::UAV_CONTROL_CENTER::uav_trajectory_publisher(std::vector<waypointstruct>&, double, double)[m[Kâ€™:
[01m[K/home/xslin/Documents/xslin/research/rpg_ws/src/test/src/uav_control_center.cpp:97:22:[m[K [01;31m[Kerror: [m[Kâ€˜[01m[Kwp_next[m[Kâ€™ was not declared in this scope
             x_next = [01;31m[Kwp_next[m[K.x + disp_x;
                      [01;31m[K^~~~~~~[m[K
[01m[K/home/xslin/Documents/xslin/research/rpg_ws/src/test/src/uav_control_center.cpp:97:22:[m[K [01;36m[Knote: [m[Ksuggested alternative: â€˜[01m[Kx_next[m[Kâ€™
             x_next = [01;36m[Kwp_next[m[K.x + disp_x;
                      [01;36m[K^~~~~~~[m[K
                      [32m[Kx_next[m[K
make[2]: *** [CMakeFiles/uav_control_center.dir/src/uav_control_center.cpp.o] Error 1
make[1]: *** [CMakeFiles/uav_control_center.dir/all] Error 2
make: *** [all] Error 2
